<?xml version="1.0" encoding="UTF-8"?>
<!-- Generated by org.testng.reporters.JUnitXMLReporter -->
<testsuite ignored="4" hostname="DESKTOP-F9CGR0U" failures="1" tests="1" name="Default test(failed)" time="10.76" errors="0" timestamp="2023-08-11T13:54:08 EDT">
  <testcase classname="com.selenium.aspiration.tests.AspirationTest" name="testIsOptionsChecked" time="2.025">
    <failure type="java.lang.NullPointerException" message="null value in entry: name=null">
      <![CDATA[java.lang.NullPointerException: null value in entry: name=null
at com.google.common.collect.CollectPreconditions.checkEntryNotNull(CollectPreconditions.java:33)
at com.google.common.collect.ImmutableMapEntry.<init>(ImmutableMapEntry.java:54)
at com.google.common.collect.ImmutableMap.entryOf(ImmutableMap.java:339)
at com.google.common.collect.ImmutableMap.of(ImmutableMap.java:137)
at org.openqa.selenium.remote.DriverCommand.GET_ELEMENT_DOM_ATTRIBUTE(DriverCommand.java:319)
at org.openqa.selenium.remote.RemoteWebElement.getDomAttribute(RemoteWebElement.java:145)
at org.openqa.selenium.support.pagefactory.internal.LocatingElementHandler.invoke(LocatingElementHandler.java:51)
at jdk.proxy2/jdk.proxy2.$Proxy18.getDomAttribute(Unknown Source)
at com.selenium.aspiration.pages.AspirationGetAccountPage.isOptionChecked(AspirationGetAccountPage.java:94)
at com.selenium.aspiration.tests.AspirationTest.testIsOptionsChecked(AspirationTest.java:59)
at java.base/java.util.ArrayList.forEach(ArrayList.java:1511)
... Removed 31 stack frames]]>
    </failure>
  </testcase> <!-- testIsOptionsChecked -->
  <testcase classname="com.selenium.aspiration.tests.AspirationTest" name="testViewProducts" time="0.0">
    <ignored/>
  </testcase> <!-- testViewProducts -->
  <testcase classname="com.selenium.aspiration.tests.AspirationTest" name="testSignIn" time="0.0">
    <ignored/>
  </testcase> <!-- testSignIn -->
  <testcase classname="com.selenium.aspiration.tests.AspirationTest" name="testGettingStarted" time="0.0">
    <ignored/>
  </testcase> <!-- testGettingStarted -->
  <testcase classname="com.selenium.aspiration.tests.AspirationTest" name="testProductPrices" time="0.0">
    <ignored/>
  </testcase> <!-- testProductPrices -->
</testsuite> <!-- Default test(failed) -->
