<?xml version="1.0" encoding="UTF-8"?>
<!-- Generated by org.testng.reporters.JUnitXMLReporter -->
<testsuite ignored="0" hostname="DESKTOP-F9CGR0U" failures="0" tests="1" name="Ebay Test(failed)" time="1.192" errors="0" timestamp="2023-08-07T16:16:11 EDT">
  <testcase classname="com.techbee.selenium.TestNG" name="@BeforeMethod beforeMethod" time="1.142">
    <failure type="org.openqa.selenium.SessionNotCreatedException" message="Could not start a new session. Handshake response does not match any supported protocol. Response payload: {&amp;quot;sessionId&amp;quot;:&amp;quot;07aee0e82007fbe75251ffdd5b823b3a&amp;quot;,&amp;quot;status&amp;quot;:33,&amp;quot;value&amp;quot;:{&amp;quot;message&amp;quot;:&amp;quot;session not created exception: Missing or invalid capabilities\n  (Driver info: chromedriver=2.33.506120 (e3e53437346286c0bc2d2dc9aa4915ba81d9023f),platform=Windows NT 10.0.19045 x86_64)&amp;quot;}} 
Host info: host: &amp;apos;DESKTOP-F9CGR0U&amp;apos;, ip: &amp;apos;192.168.4.57&amp;apos;
Build info: version: &amp;apos;4.10.0&amp;apos;, revision: &amp;apos;c14d967899&amp;apos;
System info: os.name: &amp;apos;Windows 10&amp;apos;, os.arch: &amp;apos;amd64&amp;apos;, os.version: &amp;apos;10.0&amp;apos;, java.version: &amp;apos;17.0.1&amp;apos;
Driver info: org.openqa.selenium.chrome.ChromeDriver
Command: [null, newSession {capabilities=[Capabilities {browserName: chrome, goog:chromeOptions: {args: [--remote-allow-origins=*], extensions: []}}]}]">
      <![CDATA[org.openqa.selenium.SessionNotCreatedException: Could not start a new session. Handshake response does not match any supported protocol. Response payload: {"sessionId":"07aee0e82007fbe75251ffdd5b823b3a","status":33,"value":{"message":"session not created exception: Missing or invalid capabilities\n  (Driver info: chromedriver=2.33.506120 (e3e53437346286c0bc2d2dc9aa4915ba81d9023f),platform=Windows NT 10.0.19045 x86_64)"}} 
Host info: host: 'DESKTOP-F9CGR0U', ip: '192.168.4.57'
Build info: version: '4.10.0', revision: 'c14d967899'
System info: os.name: 'Windows 10', os.arch: 'amd64', os.version: '10.0', java.version: '17.0.1'
Driver info: org.openqa.selenium.chrome.ChromeDriver
Command: [null, newSession {capabilities=[Capabilities {browserName: chrome, goog:chromeOptions: {args: [--remote-allow-origins=*], extensions: []}}]}]
at org.openqa.selenium.remote.ProtocolHandshake.lambda$createSession$2(ProtocolHandshake.java:154)
at java.base/java.util.Optional.orElseGet(Optional.java:364)
at org.openqa.selenium.remote.ProtocolHandshake.createSession(ProtocolHandshake.java:150)
at org.openqa.selenium.remote.ProtocolHandshake.createSession(ProtocolHandshake.java:96)
at org.openqa.selenium.remote.ProtocolHandshake.createSession(ProtocolHandshake.java:68)
at org.openqa.selenium.remote.HttpCommandExecutor.execute(HttpCommandExecutor.java:163)
at org.openqa.selenium.remote.service.DriverCommandExecutor.invokeExecute(DriverCommandExecutor.java:196)
at org.openqa.selenium.remote.service.DriverCommandExecutor.execute(DriverCommandExecutor.java:171)
at org.openqa.selenium.remote.RemoteWebDriver.execute(RemoteWebDriver.java:531)
at org.openqa.selenium.remote.RemoteWebDriver.startSession(RemoteWebDriver.java:227)
at org.openqa.selenium.remote.RemoteWebDriver.<init>(RemoteWebDriver.java:154)
at org.openqa.selenium.chromium.ChromiumDriver.<init>(ChromiumDriver.java:107)
at org.openqa.selenium.chrome.ChromeDriver.<init>(ChromeDriver.java:87)
at org.openqa.selenium.chrome.ChromeDriver.<init>(ChromeDriver.java:82)
at org.openqa.selenium.chrome.ChromeDriver.<init>(ChromeDriver.java:50)
at com.techbee.selenium.TestNG.beforeMethod(TestNG.java:63)
at java.base/java.util.ArrayList.forEach(ArrayList.java:1511)
... Removed 31 stack frames]]>
    </failure>
  </testcase> <!-- @BeforeMethod beforeMethod -->
  <testcase classname="com.techbee.selenium.TestNG" name="@AfterMethod afterMethod" time="0.0">
    <skipped/>
  </testcase> <!-- @AfterMethod afterMethod -->
  <testcase classname="com.techbee.selenium.TestNG" name="main" time="0.002">
    <skipped/>
  </testcase> <!-- main -->
</testsuite> <!-- Ebay Test(failed) -->
