<?xml version="1.0" encoding="UTF-8"?>
<!-- Generated by org.testng.reporters.JUnitXMLReporter -->
<testsuite ignored="3" hostname="DESKTOP-F9CGR0U" failures="2" tests="2" name="Page Object Model Project(failed)" time="14.019" errors="0" timestamp="2023-08-15T16:17:06 EDT">
  <testcase classname="com.selenium.aspiration.tests.AspirationTest" name="testGettingStarted" time="0.008">
    <failure type="java.lang.RuntimeException" message="java.lang.reflect.InvocationTargetException">
      <![CDATA[java.lang.RuntimeException: java.lang.reflect.InvocationTargetException
at org.openqa.selenium.support.PageFactory.instantiatePage(PageFactory.java:130)
at org.openqa.selenium.support.PageFactory.initElements(PageFactory.java:62)
at com.selenium.aspiration.tests.AspirationTest.testGettingStarted(AspirationTest.java:29)
at java.base/java.util.ArrayList.forEach(ArrayList.java:1511)
at org.openqa.selenium.support.PageFactory.instantiatePage(PageFactory.java:125)
... 30 more
Caused by: java.lang.NullPointerException: Cannot invoke "org.openqa.selenium.WebDriver.findElement(org.openqa.selenium.By)" because "this.driver" is null
at com.selenium.aspiration.utility.Properties.<init>(Properties.java:13)
at com.selenium.aspiration.pages.AspirationHomePage.<init>(AspirationHomePage.java:18)
... 36 more
... Removed 33 stack frames]]>
    </failure>
  </testcase> <!-- testGettingStarted -->
  <testcase classname="com.selenium.aspiration.tests.AspirationTest" name="testSignIn" time="0.0">
    <failure type="java.lang.RuntimeException" message="java.lang.reflect.InvocationTargetException">
      <![CDATA[java.lang.RuntimeException: java.lang.reflect.InvocationTargetException
at org.openqa.selenium.support.PageFactory.instantiatePage(PageFactory.java:130)
at org.openqa.selenium.support.PageFactory.initElements(PageFactory.java:62)
at com.selenium.aspiration.tests.AspirationTest.testSignIn(AspirationTest.java:24)
at java.base/java.util.ArrayList.forEach(ArrayList.java:1511)
at org.openqa.selenium.support.PageFactory.instantiatePage(PageFactory.java:125)
... 30 more
Caused by: java.lang.NullPointerException: Cannot invoke "org.openqa.selenium.WebDriver.findElement(org.openqa.selenium.By)" because "this.driver" is null
at com.selenium.aspiration.utility.Properties.<init>(Properties.java:13)
at com.selenium.aspiration.pages.AspirationHomePage.<init>(AspirationHomePage.java:18)
... 36 more
... Removed 33 stack frames]]>
    </failure>
  </testcase> <!-- testSignIn -->
  <testcase classname="com.selenium.aspiration.tests.AspirationTest" name="testViewProducts" time="0.0">
    <ignored/>
  </testcase> <!-- testViewProducts -->
  <testcase classname="com.selenium.aspiration.tests.AspirationTest" name="testProductPrices" time="0.0">
    <ignored/>
  </testcase> <!-- testProductPrices -->
  <testcase classname="com.selenium.aspiration.tests.AspirationTest" name="testIsOptionsChecked" time="0.0">
    <ignored/>
  </testcase> <!-- testIsOptionsChecked -->
</testsuite> <!-- Page Object Model Project(failed) -->
