<?xml version="1.0" encoding="UTF-8"?>
<!-- Generated by org.testng.reporters.JUnitXMLReporter -->
<testsuite ignored="0" hostname="DESKTOP-F9CGR0U" failures="1" tests="1" name="Page Object Model Project(failed)" time="0.495" errors="0" timestamp="2023-08-07T17:45:27 EDT">
  <testcase classname="com.techbee.selenium.testng.tests.EbaySearchTest" name="init" time="0.013">
    <failure type="java.lang.RuntimeException" message="java.lang.NoSuchMethodException: com.techbee.selenium.testng.pages.EbayHomePage.&amp;lt;init&amp;gt;()">
      <![CDATA[java.lang.RuntimeException: java.lang.NoSuchMethodException: com.techbee.selenium.testng.pages.EbayHomePage.<init>()
at org.openqa.selenium.support.PageFactory.instantiatePage(PageFactory.java:130)
at org.openqa.selenium.support.PageFactory.initElements(PageFactory.java:62)
at com.techbee.selenium.testng.tests.EbaySearchTest.init(EbaySearchTest.java:12)
at java.base/java.util.ArrayList.forEach(ArrayList.java:1511)
Caused by: java.lang.NoSuchMethodException: com.techbee.selenium.testng.pages.EbayHomePage.<init>()
at java.base/java.lang.Class.getConstructor0(Class.java:3585)
at java.base/java.lang.Class.getDeclaredConstructor(Class.java:2754)
at org.openqa.selenium.support.PageFactory.instantiatePage(PageFactory.java:127)
... 30 more
... Removed 27 stack frames]]>
    </failure>
  </testcase> <!-- init -->
</testsuite> <!-- Page Object Model Project(failed) -->
